%!Adobe-FontList 1.23
%Locale:0x407

%BeginFont
Handler:DirectoryHandler
FontType:TrueType
FontName:Arial-ItalicMT
FamilyName:Arial
StyleName:Italic
FullName:Arial Italic
MenuName:Arial
StyleBits:1
WritingScript:Roman
OutlineFileName:C:\Users\41786\Documents\HEAD\MD1\head-md1-futur-of-drawing\presentations\16-11-23\Dossier HEAD-MD1_Caran-d-Ache_Name-Surname_Project-Name\Document fonts\Arial Italic.ttf
DataFormat:sfntData
hasSVG:no
VariableFontType:NonVariableFont
FileLength:553284
FileModTime:1699984322
WeightClass:400
WidthClass:5
AngleClass:1
NameArray:0,Mac,4,Arial Italic
NameArray:0,Win,1,Arial
%EndFont

%BeginFont
Handler:DirectoryHandler
FontType:TrueType
FontName:ArialMT
FamilyName:Arial
StyleName:Regular
FullName:Arial
MenuName:Arial
StyleBits:0
WritingScript:Roman
OutlineFileName:C:\Users\41786\Documents\HEAD\MD1\head-md1-futur-of-drawing\presentations\16-11-23\Dossier HEAD-MD1_Caran-d-Ache_Name-Surname_Project-Name\Document fonts\Arial.ttf
DataFormat:sfntData
hasSVG:no
VariableFontType:NonVariableFont
FileLength:773236
FileModTime:1699984322
WeightClass:400
WidthClass:5
AngleClass:0
NameArray:0,Mac,4,Arial
NameArray:0,Win,1,Arial
%EndFont

